<?xml version="1.0" encoding="UTF-8"?>
<!-- Generated by org.testng.reporters.JUnitXMLReporter -->
<testsuite hostname="LAPTOP-OFIJ2E99" ignored="0" name="TestOnfirefox" tests="4" failures="0" timestamp="2020-02-24T14:55:16 EST" time="48.781" errors="0">
  <testcase name="radioBtncheckBoxTest" time="1.861" classname="com.qa.CheckBox.CheckBox"/>
  <testcase name="radioBtncheckBoxTest" time="1.001" classname="com.qa.CheckBox.CheckBox"/>
  <testcase name="checkBoxTest" time="0.296" classname="com.qa.CheckBox.CheckBox"/>
  <testcase name="checkBoxTest" time="0.787" classname="com.qa.CheckBox.CheckBox"/>
</testsuite> <!-- TestOnfirefox -->
