<?xml version="1.0" encoding="UTF-8"?>
<testng-results skipped="0" failed="0" ignored="0" total="2" passed="2">
  <reporter-output>
  </reporter-output>
  <suite name="Default suite" duration-ms="18712" started-at="2020-02-24T13:26:15 EST" finished-at="2020-02-24T13:26:34 EST">
    <groups>
    </groups>
    <test name="Default test" duration-ms="18712" started-at="2020-02-24T13:26:15 EST" finished-at="2020-02-24T13:26:34 EST">
      <class name="CheckBox">
        <test-method status="PASS" signature="setUp()[pri:0, instance:CheckBox@2d6eabae]" name="setUp" is-config="true" duration-ms="9307" started-at="2020-02-24T13:26:15 EST" finished-at="2020-02-24T13:26:24 EST">
          <reporter-output>
          </reporter-output>
        </test-method> <!-- setUp -->
        <test-method status="PASS" signature="checkBoxTest()[pri:0, instance:CheckBox@2d6eabae]" name="checkBoxTest" duration-ms="328" started-at="2020-02-24T13:26:24 EST" finished-at="2020-02-24T13:26:25 EST">
          <reporter-output>
          </reporter-output>
        </test-method> <!-- checkBoxTest -->
        <test-method status="PASS" signature="tearDown()[pri:0, instance:CheckBox@2d6eabae]" name="tearDown" is-config="true" duration-ms="0" started-at="2020-02-24T13:26:25 EST" finished-at="2020-02-24T13:26:25 EST">
          <reporter-output>
          </reporter-output>
        </test-method> <!-- tearDown -->
        <test-method status="PASS" signature="setUp()[pri:0, instance:CheckBox@2d6eabae]" name="setUp" is-config="true" duration-ms="8209" started-at="2020-02-24T13:26:25 EST" finished-at="2020-02-24T13:26:33 EST">
          <reporter-output>
          </reporter-output>
        </test-method> <!-- setUp -->
        <test-method status="PASS" signature="radioBtncheckBoxTest()[pri:0, instance:CheckBox@2d6eabae]" name="radioBtncheckBoxTest" duration-ms="786" started-at="2020-02-24T13:26:33 EST" finished-at="2020-02-24T13:26:34 EST">
          <reporter-output>
          </reporter-output>
        </test-method> <!-- radioBtncheckBoxTest -->
        <test-method status="PASS" signature="tearDown()[pri:0, instance:CheckBox@2d6eabae]" name="tearDown" is-config="true" duration-ms="1" started-at="2020-02-24T13:26:34 EST" finished-at="2020-02-24T13:26:34 EST">
          <reporter-output>
          </reporter-output>
        </test-method> <!-- tearDown -->
      </class> <!-- CheckBox -->
    </test> <!-- Default test -->
  </suite> <!-- Default suite -->
</testng-results>
